  localization.cpp
c:\opencv\build\include\opencv2\flann\logger.h(66): warning C4996: 'fopen': This function or variable may be unsafe. Consider using fopen_s instead. To disable deprecation, use _CRT_SECURE_NO_WARNINGS. See online help for details.
  c:\program files (x86)\windows kits\10\include\10.0.10240.0\ucrt\stdio.h(205): note: see declaration of 'fopen'
c:\users\tonic\onedrive\documents\visual studio 2015\projects\project\project\localization.cpp(357): warning C4267: '=': conversion from 'size_t' to 'int', possible loss of data
c:\users\tonic\onedrive\documents\visual studio 2015\projects\project\project\localization.cpp(12): warning C4101: 'dim': unreferenced local variable
c:\users\tonic\onedrive\documents\visual studio 2015\projects\project\project\localization.cpp(12): warning C4101: 'minim': unreferenced local variable
c:\users\tonic\onedrive\documents\visual studio 2015\projects\project\project\localization.cpp(12): warning C4101: 'localtres': unreferenced local variable
c:\users\tonic\onedrive\documents\visual studio 2015\projects\project\project\localization.cpp(12): warning C4101: 'kvad': unreferenced local variable
c:\users\tonic\onedrive\documents\visual studio 2015\projects\project\project\localization.cpp(12): warning C4101: 'maks': unreferenced local variable
  Generating Code...
  Compiling...
  metrics.cpp
c:\users\tonic\onedrive\documents\visual studio 2015\projects\project\project\metrics.cpp(34): warning C4101: 'indmax': unreferenced local variable
  Generating Code...
  Compiling...
  video.cpp
c:\users\tonic\onedrive\documents\visual studio 2015\projects\project\project\video.cpp(38): warning C4244: 'initializing': conversion from 'double' to 'int', possible loss of data
c:\users\tonic\onedrive\documents\visual studio 2015\projects\project\project\video.cpp(47): warning C4244: '=': conversion from 'int64' to 'int', possible loss of data
c:\users\tonic\onedrive\documents\visual studio 2015\projects\project\project\video.cpp(50): warning C4244: '=': conversion from 'int64' to 'int', possible loss of data
c:\users\tonic\onedrive\documents\visual studio 2015\projects\project\project\video.cpp(87): warning C4244: '=': conversion from 'int64' to 'int', possible loss of data
  Generating Code...
  project.vcxproj -> C:\Users\tonic\OneDrive\documents\visual studio 2015\Projects\project\x64\Debug\project.exe
  project.vcxproj -> C:\Users\tonic\OneDrive\documents\visual studio 2015\Projects\project\x64\Debug\project.pdb (Full PDB)
