  localization.cpp
c:\opencv\build\include\opencv2\flann\logger.h(66): warning C4996: 'fopen': This function or variable may be unsafe. Consider using fopen_s instead. To disable deprecation, use _CRT_SECURE_NO_WARNINGS. See online help for details.
  C:\Program Files (x86)\Windows Kits\10\Include\10.0.10240.0\ucrt\stdio.h(205): note: see declaration of 'fopen'
localization.cpp(357): warning C4267: '=': conversion from 'size_t' to 'int', possible loss of data
localization.cpp(12): warning C4101: 'dim': unreferenced local variable
localization.cpp(12): warning C4101: 'minim': unreferenced local variable
localization.cpp(12): warning C4101: 'localtres': unreferenced local variable
localization.cpp(12): warning C4101: 'kvad': unreferenced local variable
localization.cpp(12): warning C4101: 'maks': unreferenced local variable
  metrics.cpp
metrics.cpp(34): warning C4101: 'indmax': unreferenced local variable
  video.cpp
video.cpp(38): warning C4244: 'initializing': conversion from 'double' to 'int', possible loss of data
video.cpp(47): warning C4244: '=': conversion from 'int64' to 'int', possible loss of data
video.cpp(50): warning C4244: '=': conversion from 'int64' to 'int', possible loss of data
video.cpp(86): warning C4244: '=': conversion from 'int64' to 'int', possible loss of data
  Generating code
  14 of 1819 functions ( 0.8%) were compiled, the rest were copied from previous compilation.
    1 functions were new in current compilation
    26 functions had inline decision re-evaluated but remain unchanged
  Finished generating code
  project.vcxproj -> C:\Users\tonic\OneDrive\documents\visual studio 2015\Projects\project\x64\Release\project.exe
  project.vcxproj -> C:\Users\tonic\OneDrive\documents\visual studio 2015\Projects\project\x64\Release\project.pdb (Full PDB)
